id (0, 0)
: -1
list -1
of -1
int -1
id (0, 1)
, -1
id (0, 2)
, -1
id (1, 0)
: -1
int -1
id (1, 0)
= -1
con (3, 0)
>> -1
id (0, 2)
for -1
id (0, 1)
in -1
{ -1
con (3, 0)
: -1
id (0, 2)
} -1
do -1
>> -1
id (0, 0)
[ -1
id (0, 1)
] -1
end -1
for -1
id (0, 1)
in -1
id (0, 0)
do -1
id (1, 0)
= -1
id (1, 0)
+ -1
id (0, 1)
end -1
<< -1
con (3, 1)
<< -1
id (1, 0)
/ -1
id (0, 2)
id (2, 0)
, -1
id (3, 0)
, -1
id (4, 0)
, -1
id (1, 0)
: -1
int -1
>> -1
id (2, 0)
>> -1
id (3, 0)
>> -1
id (4, 0)
if -1
( -1
id (2, 0)
> -1
id (3, 0)
) -1
then -1
id (1, 0)
= -1
id (2, 0)
else -1
id (1, 0)
= -1
id (3, 0)
end -1
if -1
( -1
id (4, 0)
>= -1
id (1, 0)
) -1
then -1
id (1, 0)
= -1
id (4, 0)
end -1
<< -1
id (1, 0)
, -1
id (3, 0)
, -1
id (4, 0)
, -1
id (1, 0)
: -1
int -1
>> -1
id (2, 0)
>> -1
id (3, 0)
>> -1
id (4, 0)
if -1
( -1
id (2, 0)
> -1
id (3, 0)
) -1
then -1
id (1, 0)
= -1
id (2, 0)
else -1
id (1, 0)
= -1
id (3, 0)
end -1
if -1
( -1
id (4, 0)
> -1
id (1, 0)
) -1
then -1
id (1, 0)
= -1
id (4, 0)
end -1
<< -1
id (1, 0)
, -1
id (3, 0)
, -1
id (4, 0)
, -1
id (1, 0)
: -1
int -1
>> -1
id (2, 0)
>> -1
id (3, 0)
>> -1
id (4, 0)
if -1
( -1
id (2, 0)
> -1
id (3, 0)
) -1
then -1
id (1, 0)
= -1
id (2, 0)
else -1
id (1, 0)
= -1
id (3, 0)
end -1
if -1
( -1
id (4, 0)
> -1
id (1, 0)
) -1
then -1
id (1, 0)
= -1
id (4, 0)
end -1
<< -1
id (1, 0)
id (2, 0)
, -1
id (3, 0)
, -1
id (4, 0)
, -1
id (1, 0)
: -1
int -1
>> -1
id (2, 0)
>> -1
id (3, 0)
>> -1
id (4, 0)
if -1
( -1
id (2, 0)
> -1
id (3, 0)
) -1
then -1
id (1, 0)
= -1
id (2, 0)
else -1
id (1, 0)
= -1
id (3, 0)
end -1
if -1
( -1
id (4, 0)
>= -1
id (1, 0)
) -1
then -1
id (1, 0)
= -1
id (4, 0)
end -1
<< -1
id (1, 0)
id (2, 0)
, -1
id (3, 0)
, -1
id (3, 1)
: -1
int -1
>> -1
id (2, 0)
>> -1
id (3, 0)
while -1
( -1
id (3, 0)
!= -1
con (3, 0)
) -1
do -1
id (3, 1)
= -1
id (3, 0)
id (3, 0)
= -1
id (2, 0)
% -1
id (3, 0)
id (2, 0)
= -1
id (3, 1)
end -1
<< -1
id (2, 0)
